<?xml version="1.0" encoding="UTF-8"?>
<!-- Generated by org.testng.reporters.JUnitXMLReporter -->
<testsuite hostname="SuryaPC" ignored="16" name="basic test" tests="7" failures="0" timestamp="02 Apr 2019 13:48:06 GMT" time="74.092" errors="0">
  <testcase name="loginWithValidData" time="2.827" classname="in.srssprojects.keximbank.TestExecution"/>
  <testcase name="employeeCreationWithMultipleDataUsingDataprovider" time="12.478" classname="in.srssprojects.keximbank.TestExecution"/>
  <testcase name="employeeCreationWithMultipleDataUsingDataprovider" time="10.797" classname="in.srssprojects.keximbank.TestExecution"/>
  <testcase name="employeeCreationWithMultipleDataUsingDataprovider" time="9.21" classname="in.srssprojects.keximbank.TestExecution"/>
  <testcase name="employeeCreationWithMultipleDataUsingDataprovider" time="10.459" classname="in.srssprojects.keximbank.TestExecution"/>
  <testcase name="employeeCreationWithMultipleDataUsingDataprovider" time="6.974" classname="in.srssprojects.keximbank.TestExecution"/>
  <testcase name="employeeCreationWithMultipleDataUsingDataprovider" time="4.804" classname="in.srssprojects.keximbank.TestExecution"/>
  <testcase name="employeeCreationWithBlankData" time="0.0" classname="in.srssprojects.keximbank.TestExecution">
    <ignored/>
  </testcase> <!-- employeeCreationWithBlankData -->
  <testcase name="employeeCreationWithValid" time="0.0" classname="in.srssprojects.keximbank.TestExecution">
    <ignored/>
  </testcase> <!-- employeeCreationWithValid -->
  <testcase name="roleCreationReset" time="0.0" classname="in.srssprojects.keximbank.TestExecution">
    <ignored/>
  </testcase> <!-- roleCreationReset -->
  <testcase name="branchCreationCancel" time="0.0" classname="in.srssprojects.keximbank.TestExecution">
    <ignored/>
  </testcase> <!-- branchCreationCancel -->
  <testcase name="employeeCreationWithDuplicateData" time="0.0" classname="in.srssprojects.keximbank.TestExecution">
    <ignored/>
  </testcase> <!-- employeeCreationWithDuplicateData -->
  <testcase name="branchCreationWithDuplicatedData" time="0.0" classname="in.srssprojects.keximbank.TestExecution">
    <ignored/>
  </testcase> <!-- branchCreationWithDuplicatedData -->
  <testcase name="employeeCreationReset" time="0.0" classname="in.srssprojects.keximbank.TestExecution">
    <ignored/>
  </testcase> <!-- employeeCreationReset -->
  <testcase name="branchCreationReset" time="0.0" classname="in.srssprojects.keximbank.TestExecution">
    <ignored/>
  </testcase> <!-- branchCreationReset -->
  <testcase name="roleCreationWithMultipleDataWithoutDataProvider" time="0.0" classname="in.srssprojects.keximbank.TestExecution">
    <ignored/>
  </testcase> <!-- roleCreationWithMultipleDataWithoutDataProvider -->
  <testcase name="roleCreationCancel" time="0.0" classname="in.srssprojects.keximbank.TestExecution">
    <ignored/>
  </testcase> <!-- roleCreationCancel -->
  <testcase name="branchCreationWithValidData" time="0.0" classname="in.srssprojects.keximbank.TestExecution">
    <ignored/>
  </testcase> <!-- branchCreationWithValidData -->
  <testcase name="roleCreationWithValidData" time="0.0" classname="in.srssprojects.keximbank.TestExecution">
    <ignored/>
  </testcase> <!-- roleCreationWithValidData -->
  <testcase name="branchCreationWithBlankData" time="0.0" classname="in.srssprojects.keximbank.TestExecution">
    <ignored/>
  </testcase> <!-- branchCreationWithBlankData -->
  <testcase name="roleCreationWithDuplicateData" time="0.0" classname="in.srssprojects.keximbank.TestExecution">
    <ignored/>
  </testcase> <!-- roleCreationWithDuplicateData -->
  <testcase name="roleCrationWithBlankData" time="0.0" classname="in.srssprojects.keximbank.TestExecution">
    <ignored/>
  </testcase> <!-- roleCrationWithBlankData -->
  <testcase name="employeeCreationCancel" time="0.0" classname="in.srssprojects.keximbank.TestExecution">
    <ignored/>
  </testcase> <!-- employeeCreationCancel -->
</testsuite> <!-- basic test -->
